[2023-09-17T20:05:15.704+0000] {taskinstance.py:1083} INFO - Dependencies all met for <TaskInstance: your_python_dag.data_preprocessing_task manual__2023-09-17T20:05:10.513964+00:00 [queued]>
[2023-09-17T20:05:15.712+0000] {taskinstance.py:1083} INFO - Dependencies all met for <TaskInstance: your_python_dag.data_preprocessing_task manual__2023-09-17T20:05:10.513964+00:00 [queued]>
[2023-09-17T20:05:15.712+0000] {taskinstance.py:1279} INFO - 
--------------------------------------------------------------------------------
[2023-09-17T20:05:15.712+0000] {taskinstance.py:1280} INFO - Starting attempt 1 of 1
[2023-09-17T20:05:15.712+0000] {taskinstance.py:1281} INFO - 
--------------------------------------------------------------------------------
[2023-09-17T20:05:15.724+0000] {taskinstance.py:1300} INFO - Executing <Task(PythonOperator): data_preprocessing_task> on 2023-09-17 20:05:10.513964+00:00
[2023-09-17T20:05:15.737+0000] {standard_task_runner.py:55} INFO - Started process 6262 to run task
[2023-09-17T20:05:15.742+0000] {standard_task_runner.py:82} INFO - Running: ['***', 'tasks', 'run', 'your_python_dag', 'data_preprocessing_task', 'manual__2023-09-17T20:05:10.513964+00:00', '--job-id', '85', '--raw', '--subdir', 'DAGS_FOLDER/***.py', '--cfg-path', '/tmp/tmpne_05d7v']
[2023-09-17T20:05:15.744+0000] {standard_task_runner.py:83} INFO - Job 85: Subtask data_preprocessing_task
[2023-09-17T20:05:15.817+0000] {task_command.py:388} INFO - Running <TaskInstance: your_python_dag.data_preprocessing_task manual__2023-09-17T20:05:10.513964+00:00 [running]> on host 80c059a34b8e
[2023-09-17T20:05:15.967+0000] {taskinstance.py:1509} INFO - Exporting the following env vars:
AIRFLOW_CTX_DAG_OWNER=your_name
AIRFLOW_CTX_DAG_ID=your_python_dag
AIRFLOW_CTX_TASK_ID=data_preprocessing_task
AIRFLOW_CTX_EXECUTION_DATE=2023-09-17T20:05:10.513964+00:00
AIRFLOW_CTX_TRY_NUMBER=1
AIRFLOW_CTX_DAG_RUN_ID=manual__2023-09-17T20:05:10.513964+00:00
[2023-09-17T20:05:15.968+0000] {logging_mixin.py:137} INFO - <class 'str'>
[2023-09-17T20:05:15.968+0000] {logging_mixin.py:137} INFO - ahbd
[2023-09-17T20:05:15.968+0000] {logging_mixin.py:137} INFO -      CUST_ID      BALANCE  ...  PRC_FULL_PAYMENT  TENURE
0     C10001    40.900749  ...          0.000000      12
1     C10002  3202.467416  ...          0.222222      12
2     C10003  2495.148862  ...          0.000000      12
4     C10005   817.714335  ...          0.000000      12
5     C10006  1809.828751  ...          0.000000      12
...      ...          ...  ...               ...     ...
8943  C19184     5.871712  ...          0.000000       6
8945  C19186    28.493517  ...          0.500000       6
8947  C19188    23.398673  ...          0.250000       6
8948  C19189    13.457564  ...          0.250000       6
8949  C19190   372.708075  ...          0.000000       6

[8636 rows x 18 columns]
[2023-09-17T20:05:15.972+0000] {logging_mixin.py:137} INFO - 1
[2023-09-17T20:05:15.972+0000] {logging_mixin.py:137} INFO - <class 'pandas.core.frame.DataFrame'>
[2023-09-17T20:05:15.972+0000] {taskinstance.py:1768} ERROR - Task failed with exception
Traceback (most recent call last):
  File "/home/airflow/.local/lib/python3.7/site-packages/pandas/core/indexes/base.py", line 3361, in get_loc
    return self._engine.get_loc(casted_key)
  File "pandas/_libs/index.pyx", line 76, in pandas._libs.index.IndexEngine.get_loc
  File "pandas/_libs/index.pyx", line 108, in pandas._libs.index.IndexEngine.get_loc
  File "pandas/_libs/hashtable_class_helper.pxi", line 5198, in pandas._libs.hashtable.PyObjectHashTable.get_item
  File "pandas/_libs/hashtable_class_helper.pxi", line 5206, in pandas._libs.hashtable.PyObjectHashTable.get_item
KeyError: ('BALANCE', 'PURCHASES', 'CREDIT_LIMIT')

The above exception was the direct cause of the following exception:

Traceback (most recent call last):
  File "/home/airflow/.local/lib/python3.7/site-packages/airflow/operators/python.py", line 175, in execute
    return_value = self.execute_callable()
  File "/home/airflow/.local/lib/python3.7/site-packages/airflow/operators/python.py", line 192, in execute_callable
    return self.python_callable(*self.op_args, **self.op_kwargs)
  File "/opt/airflow/dags/src/lab2.py", line 38, in data_preprocessing
    clustering_data = data_df["BALANCE", "PURCHASES", "CREDIT_LIMIT"]
  File "/home/airflow/.local/lib/python3.7/site-packages/pandas/core/frame.py", line 3458, in __getitem__
    indexer = self.columns.get_loc(key)
  File "/home/airflow/.local/lib/python3.7/site-packages/pandas/core/indexes/base.py", line 3363, in get_loc
    raise KeyError(key) from err
KeyError: ('BALANCE', 'PURCHASES', 'CREDIT_LIMIT')
[2023-09-17T20:05:15.989+0000] {taskinstance.py:1323} INFO - Marking task as FAILED. dag_id=your_python_dag, task_id=data_preprocessing_task, execution_date=20230917T200510, start_date=20230917T200515, end_date=20230917T200515
[2023-09-17T20:05:15.998+0000] {standard_task_runner.py:105} ERROR - Failed to execute job 85 for task data_preprocessing_task (('BALANCE', 'PURCHASES', 'CREDIT_LIMIT'); 6262)
[2023-09-17T20:05:16.035+0000] {local_task_job.py:208} INFO - Task exited with return code 1
[2023-09-17T20:05:16.062+0000] {taskinstance.py:2578} INFO - 0 downstream tasks scheduled from follow-on schedule check
